<?xml version="1.0" encoding="UTF-8"?>
<testng-results ignored="0" total="1" passed="1" failed="0" skipped="0">
  <reporter-output>
  </reporter-output>
  <suite started-at="2020-12-20T17:13:33 EST" name="Function" finished-at="2020-12-20T17:13:50 EST" duration-ms="16434">
    <groups>
    </groups>
    <test started-at="2020-12-20T17:13:33 EST" name="SMOKE" finished-at="2020-12-20T17:13:50 EST" duration-ms="16434">
      <class name="com.homedepot.homrdepot.registrationtest">
        <test-method is-config="true" signature="beforeClass(java.lang.String, java.lang.String)[pri:0, instance:com.homedepot.homrdepot.registrationtest@6b26e945]" started-at="2020-12-20T17:13:33 EST" name="beforeClass" finished-at="2020-12-20T17:13:42 EST" duration-ms="9199" status="PASS">
          <params>
            <param index="0">
              <value>
                <![CDATA[chrome]]>
              </value>
            </param>
            <param index="1">
              <value>
                <![CDATA[https://www.homedepot.com/]]>
              </value>
            </param>
          </params>
          <reporter-output>
          </reporter-output>
        </test-method> <!-- beforeClass -->
        <test-method signature="registrationFunction()[pri:0, instance:com.homedepot.homrdepot.registrationtest@6b26e945]" started-at="2020-12-20T17:13:42 EST" name="registrationFunction" finished-at="2020-12-20T17:13:49 EST" duration-ms="6334" status="PASS">
          <reporter-output>
          </reporter-output>
        </test-method> <!-- registrationFunction -->
        <test-method is-config="true" signature="afterClass()[pri:0, instance:com.homedepot.homrdepot.registrationtest@6b26e945]" started-at="2020-12-20T17:13:49 EST" name="afterClass" finished-at="2020-12-20T17:13:50 EST" duration-ms="857" status="PASS">
          <reporter-output>
          </reporter-output>
        </test-method> <!-- afterClass -->
      </class> <!-- com.homedepot.homrdepot.registrationtest -->
    </test> <!-- SMOKE -->
  </suite> <!-- Function -->
</testng-results>
